Determining if the pthread_create exist failed with the following output:
Change Dir: /home/turtlebot/turtlebot_plugin_ws/build/CMakeFiles/CMakeTmp

Run Build Command:/usr/bin/make "cmTryCompileExec449948746/fast"
/usr/bin/make -f CMakeFiles/cmTryCompileExec449948746.dir/build.make CMakeFiles/cmTryCompileExec449948746.dir/build
make[1]: Entering directory `/home/turtlebot/turtlebot_plugin_ws/build/CMakeFiles/CMakeTmp'
/usr/bin/cmake -E cmake_progress_report /home/turtlebot/turtlebot_plugin_ws/build/CMakeFiles/CMakeTmp/CMakeFiles 1
Building C object CMakeFiles/cmTryCompileExec449948746.dir/CheckSymbolExists.c.o
/usr/bin/cc    -o CMakeFiles/cmTryCompileExec449948746.dir/CheckSymbolExists.c.o   -c /home/turtlebot/turtlebot_plugin_ws/build/CMakeFiles/CMakeTmp/CheckSymbolExists.c
Linking C executable cmTryCompileExec449948746
/usr/bin/cmake -E cmake_link_script CMakeFiles/cmTryCompileExec449948746.dir/link.txt --verbose=1
/usr/bin/cc       CMakeFiles/cmTryCompileExec449948746.dir/CheckSymbolExists.c.o  -o cmTryCompileExec449948746 -rdynamic 
CMakeFiles/cmTryCompileExec449948746.dir/CheckSymbolExists.c.o: In function `main':
CheckSymbolExists.c:(.text+0x16): undefined reference to `pthread_create'
collect2: error: ld returned 1 exit status
make[1]: Leaving directory `/home/turtlebot/turtlebot_plugin_ws/build/CMakeFiles/CMakeTmp'
make[1]: *** [cmTryCompileExec449948746] Error 1
make: *** [cmTryCompileExec449948746/fast] Error 2

File /home/turtlebot/turtlebot_plugin_ws/build/CMakeFiles/CMakeTmp/CheckSymbolExists.c:
/* */
#include <pthread.h>

int main(int argc, char** argv)
{
  (void)argv;
#ifndef pthread_create
  return ((int*)(&pthread_create))[argc];
#else
  (void)argc;
  return 0;
#endif
}

Determining if the function pthread_create exists in the pthreads failed with the following output:
Change Dir: /home/turtlebot/turtlebot_plugin_ws/build/CMakeFiles/CMakeTmp

Run Build Command:/usr/bin/make "cmTryCompileExec431342709/fast"
/usr/bin/make -f CMakeFiles/cmTryCompileExec431342709.dir/build.make CMakeFiles/cmTryCompileExec431342709.dir/build
make[1]: Entering directory `/home/turtlebot/turtlebot_plugin_ws/build/CMakeFiles/CMakeTmp'
/usr/bin/cmake -E cmake_progress_report /home/turtlebot/turtlebot_plugin_ws/build/CMakeFiles/CMakeTmp/CMakeFiles 1
Building C object CMakeFiles/cmTryCompileExec431342709.dir/CheckFunctionExists.c.o
/usr/bin/cc   -DCHECK_FUNCTION_EXISTS=pthread_create   -o CMakeFiles/cmTryCompileExec431342709.dir/CheckFunctionExists.c.o   -c /usr/share/cmake-2.8/Modules/CheckFunctionExists.c
Linking C executable cmTryCompileExec431342709
/usr/bin/cmake -E cmake_link_script CMakeFiles/cmTryCompileExec431342709.dir/link.txt --verbose=1
/usr/bin/cc   -DCHECK_FUNCTION_EXISTS=pthread_create    CMakeFiles/cmTryCompileExec431342709.dir/CheckFunctionExists.c.o  -o cmTryCompileExec431342709 -rdynamic -lpthreads 
/usr/bin/ld: cannot find -lpthreads
collect2: error: ld returned 1 exit status
make[1]: Leaving directory `/home/turtlebot/turtlebot_plugin_ws/build/CMakeFiles/CMakeTmp'
make[1]: *** [cmTryCompileExec431342709] Error 1
make: *** [cmTryCompileExec431342709/fast] Error 2


Determining if the function trunc exists failed with the following output:
Change Dir: /home/turtlebot/turtlebot_plugin_ws/build/CMakeFiles/CMakeTmp

Run Build Command:/usr/bin/make "cmTryCompileExec3325998973/fast"
/usr/bin/make -f CMakeFiles/cmTryCompileExec3325998973.dir/build.make CMakeFiles/cmTryCompileExec3325998973.dir/build
make[1]: Entering directory `/home/turtlebot/turtlebot_plugin_ws/build/CMakeFiles/CMakeTmp'
/usr/bin/cmake -E cmake_progress_report /home/turtlebot/turtlebot_plugin_ws/build/CMakeFiles/CMakeTmp/CMakeFiles 1
Building C object CMakeFiles/cmTryCompileExec3325998973.dir/CheckFunctionExists.c.o
/usr/bin/cc   -DCHECK_FUNCTION_EXISTS=trunc   -o CMakeFiles/cmTryCompileExec3325998973.dir/CheckFunctionExists.c.o   -c /usr/share/cmake-2.8/Modules/CheckFunctionExists.c
<command-line>:0:23: warning: conflicting types for built-in function ‘trunc’ [enabled by default]
/usr/share/cmake-2.8/Modules/CheckFunctionExists.c:3:6: note: in expansion of macro ‘CHECK_FUNCTION_EXISTS’
 char CHECK_FUNCTION_EXISTS();
      ^
Linking C executable cmTryCompileExec3325998973
/usr/bin/cmake -E cmake_link_script CMakeFiles/cmTryCompileExec3325998973.dir/link.txt --verbose=1
/usr/bin/cc   -DCHECK_FUNCTION_EXISTS=trunc    CMakeFiles/cmTryCompileExec3325998973.dir/CheckFunctionExists.c.o  -o cmTryCompileExec3325998973 -rdynamic 
CMakeFiles/cmTryCompileExec3325998973.dir/CheckFunctionExists.c.o: In function `main':
CheckFunctionExists.c:(.text+0x15): undefined reference to `trunc'
collect2: error: ld returned 1 exit status
make[1]: Leaving directory `/home/turtlebot/turtlebot_plugin_ws/build/CMakeFiles/CMakeTmp'
make[1]: *** [cmTryCompileExec3325998973] Error 1
make: *** [cmTryCompileExec3325998973/fast] Error 2


